<?xml version="1.0" encoding="UTF-8"?>
<!-- Generated by org.testng.reporters.JUnitReportReporter -->
<testsuite skipped="0" hostname="LAPTOP-UN8JAF33" name="testcases.NewTest" tests="4" failures="0" timestamp="10 Jun 2019 19:49:02 GMT" time="0.019" errors="0">
  <testcase name="fourth" time="0.000" classname="testcases.NewTest"/>
  <testcase name="second" time="0.002" classname="testcases.NewTest"/>
  <testcase name="first" time="0.015" classname="testcases.NewTest"/>
  <testcase name="third" time="0.002" classname="testcases.NewTest"/>
</testsuite> <!-- testcases.NewTest -->
