<?xml version="1.0" encoding="UTF-8"?>
<!-- Generated by org.testng.reporters.JUnitReportReporter -->
<testsuite skipped="0" hostname="LAPTOP-UN8JAF33" name="testcases.NewTest" tests="2" failures="0" timestamp="10 Jun 2019 18:09:27 GMT" time="0.019" errors="0">
  <testcase name="second" time="0.002" classname="testcases.NewTest"/>
  <testcase name="first" time="0.017" classname="testcases.NewTest"/>
</testsuite> <!-- testcases.NewTest -->
